<?xml version="1.0" encoding="UTF-8"?>
<coverage generated="1682092033134" clover="3.2.0">
  <project timestamp="1682092033134" name="All files">
    <metrics statements="24" coveredstatements="24" conditionals="12" coveredconditionals="12" methods="2" coveredmethods="2" elements="38" coveredelements="38" complexity="0" loc="24" ncloc="24" packages="1" files="1" classes="1"/>
    <file name="fizzbuzz.js" path="D:\Documentos D\JavaScript\pruebas-tecnicas\prueba-junior-\fizzbuzz.js">
      <metrics statements="24" coveredstatements="24" conditionals="12" coveredconditionals="12" methods="2" coveredmethods="2"/>
      <line num="1" count="1" type="cond" truecount="1" falsecount="0"/>
      <line num="2" count="106" type="stmt"/>
      <line num="3" count="106" type="cond" truecount="1" falsecount="0"/>
      <line num="4" count="105" type="cond" truecount="1" falsecount="0"/>
      <line num="5" count="106" type="cond" truecount="2" falsecount="0"/>
      <line num="6" count="98" type="cond" truecount="1" falsecount="0"/>
      <line num="7" count="106" type="cond" truecount="1" falsecount="0"/>
      <line num="8" count="69" type="cond" truecount="1" falsecount="0"/>
      <line num="9" count="106" type="cond" truecount="1" falsecount="0"/>
      <line num="10" count="54" type="cond" truecount="1" falsecount="0"/>
      <line num="11" count="54" type="stmt"/>
      <line num="12" count="54" type="stmt"/>
      <line num="13" count="1" type="stmt"/>
      <line num="14" count="1" type="cond" truecount="1" falsecount="0"/>
      <line num="15" count="1" type="cond" truecount="1" falsecount="0"/>
      <line num="16" count="100" type="stmt"/>
      <line num="17" count="100" type="stmt"/>
      <line num="18" count="1" type="stmt"/>
      <line num="19" count="1" type="stmt"/>
      <line num="20" count="1" type="stmt"/>
      <line num="21" count="1" type="stmt"/>
      <line num="22" count="1" type="stmt"/>
      <line num="23" count="1" type="stmt"/>
      <line num="24" count="1" type="stmt"/>
    </file>
  </project>
</coverage>
