{"D:\\Documentos D\\JavaScript\\pruebas-tecnicas\\prueba-junior-\\fizzbuzz.js": {"path":"D:\\Documentos D\\JavaScript\\pruebas-tecnicas\\prueba-junior-\\fizzbuzz.js","all":false,"statementMap":{"0":{"start":{"line":1,"column":0},"end":{"line":1,"column":27}},"1":{"start":{"line":2,"column":0},"end":{"line":2,"column":4}},"2":{"start":{"line":3,"column":0},"end":{"line":3,"column":45}},"3":{"start":{"line":4,"column":0},"end":{"line":4,"column":0}},"4":{"start":{"line":5,"column":0},"end":{"line":5,"column":52}},"5":{"start":{"line":6,"column":0},"end":{"line":6,"column":0}},"6":{"start":{"line":7,"column":0},"end":{"line":7,"column":33}},"7":{"start":{"line":8,"column":0},"end":{"line":8,"column":0}},"8":{"start":{"line":9,"column":0},"end":{"line":9,"column":33}},"9":{"start":{"line":10,"column":0},"end":{"line":10,"column":0}},"10":{"start":{"line":11,"column":0},"end":{"line":11,"column":12}},"11":{"start":{"line":12,"column":0},"end":{"line":12,"column":1}},"12":{"start":{"line":13,"column":0},"end":{"line":13,"column":0}},"13":{"start":{"line":14,"column":0},"end":{"line":14,"column":27}},"14":{"start":{"line":15,"column":0},"end":{"line":15,"column":44}},"15":{"start":{"line":16,"column":0},"end":{"line":16,"column":34}},"16":{"start":{"line":17,"column":0},"end":{"line":17,"column":1}},"17":{"start":{"line":18,"column":0},"end":{"line":18,"column":1}},"18":{"start":{"line":19,"column":0},"end":{"line":19,"column":0}},"19":{"start":{"line":20,"column":0},"end":{"line":20,"column":13}},"20":{"start":{"line":21,"column":0},"end":{"line":21,"column":0}},"21":{"start":{"line":22,"column":0},"end":{"line":22,"column":0}},"22":{"start":{"line":23,"column":0},"end":{"line":23,"column":0}},"23":{"start":{"line":24,"column":0},"end":{"line":24,"column":25}}},"s":{"0":1,"1":106,"2":106,"3":105,"4":106,"5":98,"6":106,"7":69,"8":106,"9":54,"10":54,"11":54,"12":1,"13":1,"14":1,"15":100,"16":100,"17":1,"18":1,"19":1,"20":1,"21":1,"22":1,"23":1},"branchMap":{"0":{"type":"branch","line":1,"loc":{"start":{"line":1,"column":19},"end":{"line":12,"column":1}},"locations":[{"start":{"line":1,"column":19},"end":{"line":12,"column":1}}]},"1":{"type":"branch","line":3,"loc":{"start":{"line":3,"column":31},"end":{"line":3,"column":45}},"locations":[{"start":{"line":3,"column":31},"end":{"line":3,"column":45}}]},"2":{"type":"branch","line":4,"loc":{"start":{"line":4,"column":-2},"end":{"line":5,"column":22}},"locations":[{"start":{"line":4,"column":-2},"end":{"line":5,"column":22}}]},"3":{"type":"branch","line":5,"loc":{"start":{"line":5,"column":18},"end":{"line":5,"column":33}},"locations":[{"start":{"line":5,"column":18},"end":{"line":5,"column":33}}]},"4":{"type":"branch","line":5,"loc":{"start":{"line":5,"column":35},"end":{"line":5,"column":52}},"locations":[{"start":{"line":5,"column":35},"end":{"line":5,"column":52}}]},"5":{"type":"branch","line":6,"loc":{"start":{"line":6,"column":-2},"end":{"line":7,"column":20}},"locations":[{"start":{"line":6,"column":-2},"end":{"line":7,"column":20}}]},"6":{"type":"branch","line":7,"loc":{"start":{"line":7,"column":20},"end":{"line":7,"column":33}},"locations":[{"start":{"line":7,"column":20},"end":{"line":7,"column":33}}]},"7":{"type":"branch","line":8,"loc":{"start":{"line":8,"column":-2},"end":{"line":9,"column":20}},"locations":[{"start":{"line":8,"column":-2},"end":{"line":9,"column":20}}]},"8":{"type":"branch","line":9,"loc":{"start":{"line":9,"column":20},"end":{"line":9,"column":33}},"locations":[{"start":{"line":9,"column":20},"end":{"line":9,"column":33}}]},"9":{"type":"branch","line":10,"loc":{"start":{"line":10,"column":-2},"end":{"line":12,"column":1}},"locations":[{"start":{"line":10,"column":-2},"end":{"line":12,"column":1}}]},"10":{"type":"branch","line":14,"loc":{"start":{"line":14,"column":20},"end":{"line":18,"column":1}},"locations":[{"start":{"line":14,"column":20},"end":{"line":18,"column":1}}]},"11":{"type":"branch","line":15,"loc":{"start":{"line":15,"column":43},"end":{"line":17,"column":1}},"locations":[{"start":{"line":15,"column":43},"end":{"line":17,"column":1}}]}},"b":{"0":[106],"1":[1],"2":[105],"3":[36],"4":[7],"5":[98],"6":[29],"7":[69],"8":[15],"9":[54],"10":[1],"11":[100]},"fnMap":{"0":{"name":"fizzbuzz","decl":{"start":{"line":1,"column":19},"end":{"line":12,"column":1}},"loc":{"start":{"line":1,"column":19},"end":{"line":12,"column":1}},"line":1},"1":{"name":"printNumber","decl":{"start":{"line":14,"column":20},"end":{"line":18,"column":1}},"loc":{"start":{"line":14,"column":20},"end":{"line":18,"column":1}},"line":14}},"f":{"0":106,"1":1}}
}
