TN:
SF:fizzbuzz.js
FN:1,fizzbuzz
FN:14,printNumber
FNF:2
FNH:2
FNDA:106,fizzbuzz
FNDA:1,printNumber
DA:1,1
DA:2,106
DA:3,106
DA:4,105
DA:5,106
DA:6,98
DA:7,106
DA:8,69
DA:9,106
DA:10,54
DA:11,54
DA:12,54
DA:13,1
DA:14,1
DA:15,1
DA:16,100
DA:17,100
DA:18,1
DA:19,1
DA:20,1
DA:21,1
DA:22,1
DA:23,1
DA:24,1
LF:24
LH:24
BRDA:1,0,0,106
BRDA:3,1,0,1
BRDA:4,2,0,105
BRDA:5,3,0,36
BRDA:5,4,0,7
BRDA:6,5,0,98
BRDA:7,6,0,29
BRDA:8,7,0,69
BRDA:9,8,0,15
BRDA:10,9,0,54
BRDA:14,10,0,1
BRDA:15,11,0,100
BRF:12
BRH:12
end_of_record
